2026-03-17 14:39:33,228 - QATCH.logger - INFO - CNP Engine initialized successfully. 
2026-03-17 14:39:37,523 - QATCH.logger - DEBUG - [Optimizer] [  1/10] Best:   0.000005 | Improvement:   0.000000 | Progress:   10.0%
2026-03-17 14:39:39,715 - QATCH.logger - DEBUG - [Optimizer] [  2/10] Best:   0.000005 | Improvement:   0.000000 | Progress:   20.0%
2026-03-17 14:39:41,992 - QATCH.logger - DEBUG - [Optimizer] [  3/10] Best:   0.000005 | Improvement:   0.000000 | Progress:   30.0%
2026-03-17 14:39:44,241 - QATCH.logger - DEBUG - [Optimizer] [  4/10] Best:   0.000005 | Improvement:   0.000000 | Progress:   40.0%
2026-03-17 14:39:46,545 - QATCH.logger - DEBUG - [Optimizer] [  5/10] Best:   0.000001 | Improvement:   0.000003 | Progress:   50.0%
2026-03-17 14:39:48,837 - QATCH.logger - DEBUG - [Optimizer] [  6/10] Best:   0.000000 | Improvement:   0.000005 | Progress:   60.0%
2026-03-17 14:39:51,191 - QATCH.logger - DEBUG - [Optimizer] [  7/10] Best:   0.000000 | Improvement:   0.000005 | Progress:   70.0%
2026-03-17 14:39:53,480 - QATCH.logger - DEBUG - [Optimizer] [  8/10] Best:   0.000000 | Improvement:   0.000005 | Progress:   80.0%
2026-03-17 14:39:55,768 - QATCH.logger - DEBUG - [Optimizer] [  9/10] Best:   0.000000 | Improvement:   0.000005 | Progress:   90.0%
2026-03-17 14:39:58,071 - QATCH.logger - DEBUG - [Optimizer] [ 10/10] Best:   0.000000 | Improvement:   0.000005 | Progress:  100.0%
2026-03-17 14:39:58,187 - QATCH.logger - DEBUG - [OptimizationWorker] Best protein: Adalimumab @ 74.46312942524668
2026-03-17 14:39:58,188 - QATCH.logger - DEBUG - [OptimizationWorker] Best buffer: Histidine @ 22.19430791893833
2026-03-17 14:39:58,190 - QATCH.logger - DEBUG - [OptimizationWorker] Best surfactant: tween-20 @ 0.11313394600028623
2026-03-17 14:39:58,191 - QATCH.logger - DEBUG - [OptimizationWorker] Best stabilizer: Sucrose @ 0.09536242071407619
2026-03-17 14:39:58,192 - QATCH.logger - DEBUG - [OptimizationWorker] Best excipient: Lysine @ 97.7847608526692
2026-03-17 14:39:58,280 - QATCH.logger - INFO - [PredictionWorker] ICL Filter was: {'logic': 'AND', 'fields': ['Protein_type']}
2026-03-17 14:39:58,776 - QATCH.logger - INFO - Extracting package: C:\Users\paulm\dev\nanovisQ\QATCH\VisQAI\assets\VisQAI-(03062026).visq 
2026-03-17 14:39:58,820 - QATCH.logger - INFO - CNP Engine initialized successfully. 
2026-03-17 14:39:58,839 - QATCH.logger - INFO - [PredictionWorker] ICL Filter was: {'logic': 'AND', 'fields': ['Protein_type']}
2026-03-17 14:39:59,291 - QATCH.logger - INFO - Extracting package: C:\Users\paulm\dev\nanovisQ\QATCH\VisQAI\assets\VisQAI-(03062026).visq 
2026-03-17 14:39:59,336 - QATCH.logger - INFO - CNP Engine initialized successfully. 
2026-03-17 14:39:59,336 - QATCH.logger - INFO - [PredictionWorker] Learning from 34 context samples...
2026-03-17 14:39:59,339 - QATCH.logger - INFO - Learning from 34 new samples  
2026-03-17 14:40:06,349 - QATCH.logger - INFO -  Finishing Application...
2026-03-17 14:40:06,356 - QATCH.logger - INFO -  Application closed
2026-03-17 14:40:06,361 - QATCH - INFO - Closed logging handlers
