2026-03-16 13:13:15,954 - QATCH.logger - INFO - CNP Engine initialized successfully. 
2026-03-16 13:13:15,955 - QATCH.logger - ERROR - [PredictionWorker] Learning failed data was `None`
2026-03-16 13:13:22,508 - QATCH.logger - INFO - [PredictionWorker] ICL Filter was: {'logic': 'AND', 'fields': ['Protein_type']}
2026-03-16 13:13:22,911 - QATCH.logger - WARNING - [PredictionWorker] No contextual data found matching ICL filter and flag.
2026-03-16 13:13:22,913 - QATCH.logger - INFO - Extracting package: C:\Users\paulm\dev\nanovisQ\QATCH\VisQAI\assets\VisQAI-(03062026).visq 
2026-03-16 13:13:22,956 - QATCH.logger - INFO - CNP Engine initialized successfully. 
2026-03-16 13:13:22,957 - QATCH.logger - ERROR - [PredictionWorker] Learning failed data was `None`
2026-03-16 13:13:30,255 - QATCH.logger - INFO - [PredictionWorker] ICL Filter was: {'logic': 'AND', 'fields': ['Protein_type']}
2026-03-16 13:13:30,676 - QATCH.logger - INFO - Extracting package: C:\Users\paulm\dev\nanovisQ\QATCH\VisQAI\assets\VisQAI-(03062026).visq 
2026-03-16 13:13:30,716 - QATCH.logger - INFO - CNP Engine initialized successfully. 
2026-03-16 13:13:30,718 - QATCH.logger - INFO - [PredictionWorker] Learning from 27 context samples...
2026-03-16 13:13:30,720 - QATCH.logger - INFO - Learning from 27 new samples  
2026-03-16 13:14:11,661 - QATCH.logger - INFO - Extracting package: c:\Users\paulm\dev\nanovisQ\QATCH\VisQAI\assets\VisQAI-(03062026).visq 
2026-03-16 13:14:11,707 - QATCH.logger - INFO - CNP Engine initialized successfully. 
2026-03-16 13:14:12,162 - QATCH.logger - INFO - [Sampler] Warm starting predictor with contextual database to saturate.
2026-03-16 13:14:12,162 - QATCH.logger - INFO - Learning from 532 new samples  
2026-03-16 13:14:14,115 - QATCH.logger - INFO - [PredictionWorker] ICL Filter was: {'logic': 'AND', 'fields': ['Protein_type']}
2026-03-16 13:14:14,531 - QATCH.logger - INFO - Extracting package: C:\Users\paulm\dev\nanovisQ\QATCH\VisQAI\assets\VisQAI-(03062026).visq 
2026-03-16 13:14:14,565 - QATCH.logger - INFO - CNP Engine initialized successfully. 
2026-03-16 13:14:14,569 - QATCH.logger - INFO - [PredictionWorker] ICL Filter was: {'logic': 'AND', 'fields': ['Protein_type']}
2026-03-16 13:14:14,993 - QATCH.logger - INFO - Extracting package: C:\Users\paulm\dev\nanovisQ\QATCH\VisQAI\assets\VisQAI-(03062026).visq 
2026-03-16 13:14:15,030 - QATCH.logger - INFO - CNP Engine initialized successfully. 
2026-03-16 13:14:15,032 - QATCH.logger - INFO - [PredictionWorker] Learning from 34 context samples...
2026-03-16 13:14:15,033 - QATCH.logger - INFO - Learning from 34 new samples  
2026-03-16 13:14:15,106 - QATCH.logger - INFO - [PredictionWorker] ICL Filter was: {'logic': 'AND', 'fields': ['Protein_type']}
2026-03-16 13:14:15,534 - QATCH.logger - INFO - Extracting package: C:\Users\paulm\dev\nanovisQ\QATCH\VisQAI\assets\VisQAI-(03062026).visq 
2026-03-16 13:14:15,575 - QATCH.logger - INFO - CNP Engine initialized successfully. 
2026-03-16 13:14:15,576 - QATCH.logger - INFO - [PredictionWorker] Learning from 23 context samples...
2026-03-16 13:14:15,578 - QATCH.logger - INFO - Learning from 23 new samples  
2026-03-16 13:14:15,657 - QATCH.logger - INFO - [PredictionWorker] ICL Filter was: {'logic': 'AND', 'fields': ['Protein_type']}
2026-03-16 13:14:16,111 - QATCH.logger - INFO - Extracting package: C:\Users\paulm\dev\nanovisQ\QATCH\VisQAI\assets\VisQAI-(03062026).visq 
2026-03-16 13:14:16,154 - QATCH.logger - INFO - CNP Engine initialized successfully. 
2026-03-16 13:14:16,154 - QATCH.logger - INFO - [PredictionWorker] Learning from 23 context samples...
2026-03-16 13:14:16,157 - QATCH.logger - INFO - Learning from 23 new samples  
2026-03-16 13:14:16,228 - QATCH.logger - INFO - [PredictionWorker] ICL Filter was: {'logic': 'AND', 'fields': ['Protein_type']}
2026-03-16 13:14:16,648 - QATCH.logger - INFO - Extracting package: C:\Users\paulm\dev\nanovisQ\QATCH\VisQAI\assets\VisQAI-(03062026).visq 
2026-03-16 13:14:16,689 - QATCH.logger - INFO - CNP Engine initialized successfully. 
2026-03-16 13:14:16,690 - QATCH.logger - INFO - [PredictionWorker] Learning from 23 context samples...
2026-03-16 13:14:16,693 - QATCH.logger - INFO - Learning from 23 new samples  
2026-03-16 13:14:16,766 - QATCH.logger - INFO - [PredictionWorker] ICL Filter was: {'logic': 'AND', 'fields': ['Protein_type']}
2026-03-16 13:14:17,181 - QATCH.logger - INFO - Extracting package: C:\Users\paulm\dev\nanovisQ\QATCH\VisQAI\assets\VisQAI-(03062026).visq 
2026-03-16 13:14:17,223 - QATCH.logger - INFO - CNP Engine initialized successfully. 
2026-03-16 13:14:17,224 - QATCH.logger - INFO - [PredictionWorker] Learning from 34 context samples...
2026-03-16 13:14:17,227 - QATCH.logger - INFO - Learning from 34 new samples  
2026-03-16 13:18:03,121 - QATCH.logger - INFO - [PredictionWorker] ICL Filter was: {'logic': 'AND', 'fields': ['Protein_type']}
2026-03-16 13:18:03,567 - QATCH.logger - INFO - Extracting package: C:\Users\paulm\dev\nanovisQ\QATCH\VisQAI\assets\VisQAI-(03062026).visq 
2026-03-16 13:18:03,607 - QATCH.logger - INFO - CNP Engine initialized successfully. 
2026-03-16 13:18:03,608 - QATCH.logger - INFO - [PredictionWorker] Learning from 23 context samples...
2026-03-16 13:18:03,611 - QATCH.logger - INFO - Learning from 23 new samples  
2026-03-16 13:18:09,805 - QATCH.logger - INFO - [PredictionWorker] ICL Filter was: {'logic': 'AND', 'fields': ['Protein_type']}
2026-03-16 13:18:10,353 - QATCH.logger - INFO - Extracting package: C:\Users\paulm\dev\nanovisQ\QATCH\VisQAI\assets\VisQAI-(03062026).visq 
2026-03-16 13:18:10,398 - QATCH.logger - INFO - CNP Engine initialized successfully. 
2026-03-16 13:18:10,398 - QATCH.logger - INFO - [PredictionWorker] Learning from 23 context samples...
2026-03-16 13:18:10,401 - QATCH.logger - INFO - Learning from 23 new samples  
2026-03-16 13:18:14,158 - QATCH.logger - INFO - [PredictionWorker] ICL Filter was: {'logic': 'AND', 'fields': ['Protein_type']}
2026-03-16 13:18:14,618 - QATCH.logger - INFO - Extracting package: C:\Users\paulm\dev\nanovisQ\QATCH\VisQAI\assets\VisQAI-(03062026).visq 
2026-03-16 13:18:14,659 - QATCH.logger - INFO - CNP Engine initialized successfully. 
2026-03-16 13:18:14,660 - QATCH.logger - INFO - [PredictionWorker] Learning from 23 context samples...
2026-03-16 13:18:14,662 - QATCH.logger - INFO - Learning from 23 new samples  
2026-03-16 13:18:17,631 - QATCH.logger - INFO - [PredictionWorker] ICL Filter was: {'logic': 'AND', 'fields': ['Protein_type']}
2026-03-16 13:18:18,077 - QATCH.logger - INFO - Extracting package: C:\Users\paulm\dev\nanovisQ\QATCH\VisQAI\assets\VisQAI-(03062026).visq 
2026-03-16 13:18:18,116 - QATCH.logger - INFO - CNP Engine initialized successfully. 
2026-03-16 13:18:18,117 - QATCH.logger - INFO - [PredictionWorker] Learning from 16 context samples...
2026-03-16 13:18:18,120 - QATCH.logger - INFO - Learning from 16 new samples  
2026-03-16 13:18:22,144 - QATCH.logger - INFO - [PredictionWorker] ICL Filter was: {'logic': 'AND', 'fields': ['Protein_type']}
2026-03-16 13:18:22,607 - QATCH.logger - INFO - Extracting package: C:\Users\paulm\dev\nanovisQ\QATCH\VisQAI\assets\VisQAI-(03062026).visq 
2026-03-16 13:18:22,650 - QATCH.logger - INFO - CNP Engine initialized successfully. 
2026-03-16 13:18:22,650 - QATCH.logger - INFO - [PredictionWorker] Learning from 27 context samples...
2026-03-16 13:18:22,653 - QATCH.logger - INFO - Learning from 27 new samples  
2026-03-16 13:45:36,754 - QATCH.logger - INFO - Extracting package: C:\Users\paulm\dev\nanovisQ\QATCH\VisQAI\assets\VisQAI-(03062026).visq 
2026-03-16 13:45:36,803 - QATCH.logger - INFO - CNP Engine initialized successfully. 
2026-03-16 13:45:41,696 - QATCH.logger - ERROR - ERROR Traceback (most recent call last):
2026-03-16 13:45:41,697 - QATCH.logger - ERROR - ERROR File "c:\Users\paulm\dev\nanovisQ\QATCH\VisQAI\src\view\workers\optimization_worker.py", line 271, in run
    best_formulation = optimizer.optimize(progress_callback=_progress_cb)
                       ^^^^^^^^^^^^^^^^^^^^^^^^^^^^^^^^^^^^^^^^^^^^^^^^^^
2026-03-16 13:45:41,701 - QATCH.logger - ERROR - ERROR File "c:\Users\paulm\dev\nanovisQ\QATCH\VisQAI\src\processors\optimizer.py", line 930, in optimize
    result = differential_evolution(
             ^^^^^^^^^^^^^^^^^^^^^^^
2026-03-16 13:45:41,701 - QATCH.logger - ERROR - ERROR File "C:\Users\paulm\anaconda3\envs\nanovis\Lib\site-packages\scipy\optimize\_differentialevolution.py", line 503, in differential_evolution
    ret = solver.solve()
          ^^^^^^^^^^^^^^
2026-03-16 13:45:41,702 - QATCH.logger - ERROR - ERROR File "C:\Users\paulm\anaconda3\envs\nanovis\Lib\site-packages\scipy\optimize\_differentialevolution.py", line 1188, in solve
    warning_flag = bool(self.callback(res))
                        ^^^^^^^^^^^^^^^^^^
2026-03-16 13:45:41,703 - QATCH.logger - ERROR - ERROR File "C:\Users\paulm\anaconda3\envs\nanovis\Lib\site-packages\scipy\optimize\_optimize.py", line 102, in wrapped_callback
    return callback(np.copy(res.x), res.convergence)
           ^^^^^^^^^^^^^^^^^^^^^^^^^^^^^^^^^^^^^^^^^
2026-03-16 13:45:41,703 - QATCH.logger - ERROR - ERROR File "c:\Users\paulm\dev\nanovisQ\QATCH\VisQAI\src\processors\optimizer.py", line 921, in _callback
    tracker(status)
2026-03-16 13:45:41,704 - QATCH.logger - ERROR - ERROR File "c:\Users\paulm\dev\nanovisQ\QATCH\VisQAI\src\processors\optimizer.py", line 207, in __call__
    Log.i(
    ^^^
2026-03-16 13:45:41,704 - QATCH.logger - ERROR - ERROR NameError: name 'Log' is not defined
2026-03-16 13:46:37,081 - QATCH.logger - INFO -  Finishing Application...
2026-03-16 13:46:37,088 - QATCH.logger - INFO -  Application closed
2026-03-16 13:46:37,097 - QATCH - INFO - Closed logging handlers
